{"C:\\Users\\diogo\\.gemini\\antigravity\\scratch\\marine-data-api\\src\\server.ts": {"path":"C:\\Users\\diogo\\.gemini\\antigravity\\scratch\\marine-data-api\\src\\server.ts","statementMap":{"0":{"start":{"line":1,"column":0},"end":{"line":1,"column":30}},"1":{"start":{"line":2,"column":0},"end":{"line":2,"column":24}},"2":{"start":{"line":3,"column":0},"end":{"line":3,"column":28}},"3":{"start":{"line":5,"column":13},"end":{"line":5,"column":29}},"4":{"start":{"line":6,"column":13},"end":{"line":6,"column":37}},"5":{"start":{"line":8,"column":0},"end":{"line":8,"column":18}},"6":{"start":{"line":9,"column":0},"end":{"line":9,"column":16}},"7":{"start":{"line":10,"column":0},"end":{"line":10,"column":24}},"8":{"start":{"line":12,"column":0},"end":{"line":12,"column":62}},"9":{"start":{"line":14,"column":0},"end":{"line":16,"column":3}},"10":{"start":{"line":15,"column":4},"end":{"line":15,"column":68}},"11":{"start":{"line":18,"column":0},"end":{"line":18,"column":50}},"12":{"start":{"line":20,"column":0},"end":{"line":24,"column":1}},"13":{"start":{"line":21,"column":4},"end":{"line":23,"column":7}},"14":{"start":{"line":22,"column":8},"end":{"line":22,"column":54}}},"fnMap":{"0":{"name":"(anonymous_1)","decl":{"start":{"line":14,"column":23},"end":{"line":14,"column":24}},"loc":{"start":{"line":14,"column":36},"end":{"line":16,"column":1}}},"1":{"name":"(anonymous_2)","decl":{"start":{"line":21,"column":21},"end":{"line":21,"column":24}},"loc":{"start":{"line":21,"column":26},"end":{"line":23,"column":5}}}},"branchMap":{"0":{"loc":{"start":{"line":6,"column":13},"end":{"line":6,"column":37}},"type":"binary-expr","locations":[{"start":{"line":6,"column":13},"end":{"line":6,"column":29}},{"start":{"line":6,"column":33},"end":{"line":6,"column":37}}]},"1":{"loc":{"start":{"line":20,"column":0},"end":{"line":24,"column":1}},"type":"if","locations":[{"start":{"line":20,"column":0},"end":{"line":24,"column":1}},{"start":{},"end":{}}]}},"s":{"0":1,"1":1,"2":1,"3":1,"4":1,"5":1,"6":1,"7":1,"8":1,"9":1,"10":1,"11":1,"12":1,"13":0,"14":0},"f":{"0":1,"1":0},"b":{"0":[1,1],"1":[0,1]}}
,"C:\\Users\\diogo\\.gemini\\antigravity\\scratch\\marine-data-api\\src\\controllers\\TideController.ts": {"path":"C:\\Users\\diogo\\.gemini\\antigravity\\scratch\\marine-data-api\\src\\controllers\\TideController.ts","statementMap":{"0":{"start":{"line":2,"column":0},"end":{"line":2,"column":66}},"1":{"start":{"line":6,"column":8},"end":{"line":15,"column":9}},"2":{"start":{"line":7,"column":28},"end":{"line":7,"column":74}},"3":{"start":{"line":8,"column":28},"end":{"line":8,"column":51}},"4":{"start":{"line":9,"column":25},"end":{"line":9,"column":55}},"5":{"start":{"line":11,"column":12},"end":{"line":11,"column":27}},"6":{"start":{"line":13,"column":12},"end":{"line":13,"column":33}},"7":{"start":{"line":14,"column":12},"end":{"line":14,"column":75}},"8":{"start":{"line":4,"column":0},"end":{"line":4,"column":13}}},"fnMap":{"0":{"name":"(anonymous_0)","decl":{"start":{"line":5,"column":4},"end":{"line":5,"column":10}},"loc":{"start":{"line":5,"column":53},"end":{"line":16,"column":5}}}},"branchMap":{"0":{"loc":{"start":{"line":7,"column":28},"end":{"line":7,"column":74}},"type":"binary-expr","locations":[{"start":{"line":7,"column":28},"end":{"line":7,"column":55}},{"start":{"line":7,"column":59},"end":{"line":7,"column":74}}]}},"s":{"0":1,"1":2,"2":2,"3":2,"4":2,"5":2,"6":0,"7":0,"8":1},"f":{"0":2},"b":{"0":[2,1]}}
,"C:\\Users\\diogo\\.gemini\\antigravity\\scratch\\marine-data-api\\src\\services\\MarineDataService.ts": {"path":"C:\\Users\\diogo\\.gemini\\antigravity\\scratch\\marine-data-api\\src\\services\\MarineDataService.ts","statementMap":{"0":{"start":{"line":3,"column":0},"end":{"line":3,"column":69}},"1":{"start":{"line":7,"column":12},"end":{"line":7,"column":43}},"2":{"start":{"line":12,"column":8},"end":{"line":12,"column":55}},"3":{"start":{"line":18,"column":31},"end":{"line":18,"column":48}},"4":{"start":{"line":20,"column":8},"end":{"line":23,"column":9}},"5":{"start":{"line":21,"column":26},"end":{"line":21,"column":97}},"6":{"start":{"line":21,"column":51},"end":{"line":21,"column":96}},"7":{"start":{"line":22,"column":12},"end":{"line":22,"column":48}},"8":{"start":{"line":22,"column":23},"end":{"line":22,"column":48}},"9":{"start":{"line":25,"column":8},"end":{"line":39,"column":9}},"10":{"start":{"line":26,"column":26},"end":{"line":26,"column":65}},"11":{"start":{"line":28,"column":12},"end":{"line":34,"column":14}},"12":{"start":{"line":36,"column":12},"end":{"line":36,"column":54}},"13":{"start":{"line":38,"column":12},"end":{"line":38,"column":24}},"14":{"start":{"line":6,"column":0},"end":{"line":6,"column":13}}},"fnMap":{"0":{"name":"(anonymous_0)","decl":{"start":{"line":9,"column":4},"end":{"line":9,"column":null}},"loc":{"start":{"line":9,"column":4},"end":{"line":15,"column":5}}},"1":{"name":"(anonymous_1)","decl":{"start":{"line":17,"column":4},"end":{"line":17,"column":9}},"loc":{"start":{"line":17,"column":50},"end":{"line":40,"column":5}}},"2":{"name":"(anonymous_2)","decl":{"start":{"line":21,"column":46},"end":{"line":21,"column":47}},"loc":{"start":{"line":21,"column":51},"end":{"line":21,"column":96}}}},"branchMap":{"0":{"loc":{"start":{"line":20,"column":8},"end":{"line":23,"column":9}},"type":"if","locations":[{"start":{"line":20,"column":8},"end":{"line":23,"column":9}},{"start":{},"end":{}}]},"1":{"loc":{"start":{"line":22,"column":12},"end":{"line":22,"column":48}},"type":"if","locations":[{"start":{"line":22,"column":12},"end":{"line":22,"column":48}},{"start":{},"end":{}}]}},"s":{"0":1,"1":2,"2":2,"3":2,"4":2,"5":0,"6":0,"7":0,"8":0,"9":2,"10":2,"11":2,"12":0,"13":0,"14":1},"f":{"0":2,"1":2,"2":0},"b":{"0":[0,2],"1":[0,0]}}
,"C:\\Users\\diogo\\.gemini\\antigravity\\scratch\\marine-data-api\\src\\services\\scrapers\\TabuaDeMaresScraper.ts": {"path":"C:\\Users\\diogo\\.gemini\\antigravity\\scratch\\marine-data-api\\src\\services\\scrapers\\TabuaDeMaresScraper.ts","statementMap":{"0":{"start":{"line":1,"column":0},"end":{"line":1,"column":26}},"1":{"start":{"line":7,"column":4},"end":{"line":7,"column":26}},"2":{"start":{"line":8,"column":12},"end":{"line":8,"column":58}},"3":{"start":{"line":13,"column":21},"end":{"line":13,"column":79}},"4":{"start":{"line":14,"column":20},"end":{"line":14,"column":45}},"5":{"start":{"line":16,"column":8},"end":{"line":27,"column":9}},"6":{"start":{"line":17,"column":29},"end":{"line":21,"column":14}},"7":{"start":{"line":22,"column":25},"end":{"line":22,"column":38}},"8":{"start":{"line":23,"column":12},"end":{"line":23,"column":40}},"9":{"start":{"line":25,"column":12},"end":{"line":25,"column":70}},"10":{"start":{"line":26,"column":12},"end":{"line":26,"column":24}},"11":{"start":{"line":32,"column":22},"end":{"line":32,"column":71}},"12":{"start":{"line":33,"column":22},"end":{"line":33,"column":39}},"13":{"start":{"line":35,"column":8},"end":{"line":37,"column":9}},"14":{"start":{"line":36,"column":12},"end":{"line":36,"column":82}},"15":{"start":{"line":39,"column":30},"end":{"line":39,"column":38}},"16":{"start":{"line":42,"column":31},"end":{"line":42,"column":81}},"17":{"start":{"line":43,"column":31},"end":{"line":43,"column":85}},"18":{"start":{"line":45,"column":8},"end":{"line":47,"column":9}},"19":{"start":{"line":46,"column":12},"end":{"line":46,"column":73}},"20":{"start":{"line":49,"column":34},"end":{"line":49,"column":36}},"21":{"start":{"line":51,"column":8},"end":{"line":102,"column":9}},"22":{"start":{"line":51,"column":21},"end":{"line":51,"column":22}},"23":{"start":{"line":52,"column":32},"end":{"line":52,"column":80}},"24":{"start":{"line":53,"column":27},"end":{"line":53,"column":81}},"25":{"start":{"line":56,"column":26},"end":{"line":56,"column":54}},"26":{"start":{"line":57,"column":28},"end":{"line":57,"column":44}},"27":{"start":{"line":60,"column":36},"end":{"line":60,"column":46}},"28":{"start":{"line":67,"column":30},"end":{"line":67,"column":74}},"29":{"start":{"line":68,"column":27},"end":{"line":68,"column":37}},"30":{"start":{"line":69,"column":12},"end":{"line":76,"column":13}},"31":{"start":{"line":73,"column":32},"end":{"line":73,"column":64}},"32":{"start":{"line":74,"column":32},"end":{"line":74,"column":53}},"33":{"start":{"line":75,"column":16},"end":{"line":75,"column":45}},"34":{"start":{"line":78,"column":12},"end":{"line":78,"column":62}},"35":{"start":{"line":95,"column":39},"end":{"line":95,"column":45}},"36":{"start":{"line":97,"column":12},"end":{"line":101,"column":15}},"37":{"start":{"line":105,"column":8},"end":{"line":115,"column":9}},"38":{"start":{"line":105,"column":21},"end":{"line":105,"column":22}},"39":{"start":{"line":106,"column":28},"end":{"line":106,"column":36}},"40":{"start":{"line":107,"column":25},"end":{"line":107,"column":54}},"41":{"start":{"line":111,"column":30},"end":{"line":111,"column":80}},"42":{"start":{"line":112,"column":25},"end":{"line":112,"column":67}},"43":{"start":{"line":114,"column":12},"end":{"line":114,"column":67}},"44":{"start":{"line":117,"column":8},"end":{"line":117,"column":21}},"45":{"start":{"line":6,"column":0},"end":{"line":6,"column":13}}},"fnMap":{"0":{"name":"(anonymous_1)","decl":{"start":{"line":6,"column":0},"end":{"line":6,"column":13}},"loc":{"start":{"line":6,"column":0},"end":{"line":119,"column":1}}},"1":{"name":"(anonymous_2)","decl":{"start":{"line":10,"column":4},"end":{"line":10,"column":9}},"loc":{"start":{"line":10,"column":33},"end":{"line":28,"column":5}}},"2":{"name":"(anonymous_3)","decl":{"start":{"line":30,"column":11},"end":{"line":30,"column":20}},"loc":{"start":{"line":30,"column":33},"end":{"line":118,"column":5}}}},"branchMap":{"0":{"loc":{"start":{"line":13,"column":21},"end":{"line":13,"column":79}},"type":"binary-expr","locations":[{"start":{"line":13,"column":21},"end":{"line":13,"column":60}},{"start":{"line":13,"column":64},"end":{"line":13,"column":79}}]},"1":{"loc":{"start":{"line":35,"column":8},"end":{"line":37,"column":9}},"type":"if","locations":[{"start":{"line":35,"column":8},"end":{"line":37,"column":9}},{"start":{},"end":{}}]},"2":{"loc":{"start":{"line":45,"column":8},"end":{"line":47,"column":9}},"type":"if","locations":[{"start":{"line":45,"column":8},"end":{"line":47,"column":9}},{"start":{},"end":{}}]},"3":{"loc":{"start":{"line":45,"column":12},"end":{"line":45,"column":46}},"type":"binary-expr","locations":[{"start":{"line":45,"column":12},"end":{"line":45,"column":27}},{"start":{"line":45,"column":31},"end":{"line":45,"column":46}}]},"4":{"loc":{"start":{"line":69,"column":12},"end":{"line":76,"column":13}},"type":"if","locations":[{"start":{"line":69,"column":12},"end":{"line":76,"column":13}},{"start":{},"end":{}}]},"5":{"loc":{"start":{"line":112,"column":25},"end":{"line":112,"column":67}},"type":"cond-expr","locations":[{"start":{"line":112,"column":37},"end":{"line":112,"column":61}},{"start":{"line":112,"column":64},"end":{"line":112,"column":67}}]},"6":{"loc":{"start":{"line":114,"column":28},"end":{"line":114,"column":66}},"type":"cond-expr","locations":[{"start":{"line":114,"column":52},"end":{"line":114,"column":58}},{"start":{"line":114,"column":61},"end":{"line":114,"column":66}}]}},"s":{"0":1,"1":2,"2":2,"3":2,"4":2,"5":2,"6":2,"7":2,"8":2,"9":0,"10":0,"11":2,"12":2,"13":2,"14":0,"15":2,"16":2,"17":2,"18":2,"19":0,"20":2,"21":2,"22":2,"23":10,"24":10,"25":10,"26":10,"27":10,"28":10,"29":10,"30":10,"31":10,"32":10,"33":10,"34":10,"35":10,"36":10,"37":2,"38":2,"39":10,"40":10,"41":10,"42":10,"43":10,"44":2,"45":1},"f":{"0":2,"1":2,"2":2},"b":{"0":[2,0],"1":[0,2],"2":[0,2],"3":[2,2],"4":[10,0],"5":[10,0],"6":[6,4]}}
}
