TN:
SF:src\server.ts
FN:14,(anonymous_1)
FN:21,(anonymous_2)
FNF:2
FNH:1
FNDA:1,(anonymous_1)
FNDA:0,(anonymous_2)
DA:1,1
DA:2,1
DA:3,1
DA:5,1
DA:6,1
DA:8,1
DA:9,1
DA:10,1
DA:12,1
DA:14,1
DA:15,1
DA:18,1
DA:20,1
DA:21,0
DA:22,0
LF:15
LH:13
BRDA:6,0,0,1
BRDA:6,0,1,1
BRDA:20,1,0,0
BRDA:20,1,1,1
BRF:4
BRH:3
end_of_record
TN:
SF:src\controllers\TideController.ts
FN:5,(anonymous_0)
FNF:1
FNH:1
FNDA:2,(anonymous_0)
DA:2,1
DA:4,1
DA:6,2
DA:7,2
DA:8,2
DA:9,2
DA:11,2
DA:13,0
DA:14,0
LF:9
LH:7
BRDA:7,0,0,2
BRDA:7,0,1,1
BRF:2
BRH:2
end_of_record
TN:
SF:src\services\MarineDataService.ts
FN:9,(anonymous_0)
FN:17,(anonymous_1)
FN:21,(anonymous_2)
FNF:3
FNH:2
FNDA:2,(anonymous_0)
FNDA:2,(anonymous_1)
FNDA:0,(anonymous_2)
DA:3,1
DA:6,1
DA:7,2
DA:12,2
DA:18,2
DA:20,2
DA:21,0
DA:22,0
DA:25,2
DA:26,2
DA:28,2
DA:36,0
DA:38,0
LF:13
LH:9
BRDA:20,0,0,0
BRDA:20,0,1,2
BRDA:22,1,0,0
BRDA:22,1,1,0
BRF:4
BRH:1
end_of_record
TN:
SF:src\services\scrapers\TabuaDeMaresScraper.ts
FN:6,(anonymous_1)
FN:10,(anonymous_2)
FN:30,(anonymous_3)
FNF:3
FNH:3
FNDA:2,(anonymous_1)
FNDA:2,(anonymous_2)
FNDA:2,(anonymous_3)
DA:1,1
DA:6,1
DA:7,2
DA:8,2
DA:13,2
DA:14,2
DA:16,2
DA:17,2
DA:22,2
DA:23,2
DA:25,0
DA:26,0
DA:32,2
DA:33,2
DA:35,2
DA:36,0
DA:39,2
DA:42,2
DA:43,2
DA:45,2
DA:46,0
DA:49,2
DA:51,2
DA:52,10
DA:53,10
DA:56,10
DA:57,10
DA:60,10
DA:67,10
DA:68,10
DA:69,10
DA:73,10
DA:74,10
DA:75,10
DA:78,10
DA:95,10
DA:97,10
DA:105,2
DA:106,10
DA:107,10
DA:111,10
DA:112,10
DA:114,10
DA:117,2
LF:44
LH:40
BRDA:13,0,0,2
BRDA:13,0,1,0
BRDA:35,1,0,0
BRDA:35,1,1,2
BRDA:45,2,0,0
BRDA:45,2,1,2
BRDA:45,3,0,2
BRDA:45,3,1,2
BRDA:69,4,0,10
BRDA:69,4,1,0
BRDA:112,5,0,10
BRDA:112,5,1,0
BRDA:114,6,0,6
BRDA:114,6,1,4
BRF:14
BRH:9
end_of_record
